<?xml version="1.0" encoding="UTF-8"?>
<!-- Generated by org.testng.reporters.JUnitReportReporter -->
<testsuite hostname="DESKTOP-49AST56" failures="0" tests="1" name="lava.WoldClock.ReadWorldClockDiffCountryNamesInSingleColumn" time="32.651" errors="0" timestamp="2023-08-23T14:41:01 IST" skipped="0">
  <testcase classname="lava.WoldClock.ReadWorldClockDiffCountryNamesInSingleColumn" name="WorldClockUrl" time="32.651"/>
  <system-out/>
</testsuite> <!-- lava.WoldClock.ReadWorldClockDiffCountryNamesInSingleColumn -->
