<?xml version="1.0" encoding="UTF-8"?>
<!-- Generated by org.testng.reporters.JUnitReportReporter -->
<testsuite hostname="DESKTOP-49AST56" failures="0" tests="1" name="lava.OrangeHRM.OrangeHrmAddEmployee" time="5.539" errors="0" timestamp="2023-09-17T22:49:20 IST" skipped="0">
  <testcase classname="lava.OrangeHRM.OrangeHrmAddEmployee" name="AddEmployee1" time="5.539"/>
  <system-out/>
</testsuite> <!-- lava.OrangeHRM.OrangeHrmAddEmployee -->
