<?xml version="1.0" encoding="UTF-8"?>
<!-- Generated by org.testng.reporters.JUnitReportReporter -->
<testsuite hostname="DESKTOP-49AST56" failures="0" tests="1" name="lava.WoldClock.WorldClockBrowser1" time="8.934" errors="0" timestamp="2023-08-23T14:41:01 IST" skipped="0">
  <testcase classname="lava.WoldClock.WorldClockBrowser1" name="WorldClockUrl" time="8.934"/>
  <system-out/>
</testsuite> <!-- lava.WoldClock.WorldClockBrowser1 -->
