<?xml version="1.0" encoding="UTF-8"?>
<!-- Generated by org.testng.reporters.JUnitReportReporter -->
<testsuite hostname="DESKTOP-49AST56" failures="0" tests="1" name="com.OrangaHRMApplicationTestcases.OrangeHrm_AddEmployeeTest" time="11.910" errors="0" timestamp="2023-09-17T17:19:40 IST" skipped="0">
  <testcase classname="com.OrangaHRMApplicationTestcases.OrangeHrm_AddEmployeeTest" name="GoogleLaunch" time="11.910"/>
  <system-out/>
</testsuite> <!-- com.OrangaHRMApplicationTestcases.OrangeHrm_AddEmployeeTest -->
