<?xml version="1.0" encoding="UTF-8"?>
<!-- Generated by org.testng.reporters.JUnitReportReporter -->
<testsuite hostname="DESKTOP-49AST56" failures="0" tests="1" name="com.OrangeHRMApplicationTestcases.OrangeHrm_LoginTest" time="13.548" errors="0" timestamp="2023-09-17T18:58:48 IST" skipped="0">
  <testcase classname="com.OrangeHRMApplicationTestcases.OrangeHrm_LoginTest" name="GoogleLaunch" time="13.548"/>
  <system-out/>
</testsuite> <!-- com.OrangeHRMApplicationTestcases.OrangeHrm_LoginTest -->
