<?xml version="1.0" encoding="UTF-8"?>
<!-- Generated by org.testng.reporters.JUnitReportReporter -->
<testsuite hostname="DESKTOP-49AST56" failures="0" tests="1" name="com.OrangaHRMApplicationTestcases.OrangeHrm_EmployeeListTest" time="12.950" errors="0" timestamp="2023-09-17T17:18:37 IST" skipped="0">
  <testcase classname="com.OrangaHRMApplicationTestcases.OrangeHrm_EmployeeListTest" name="GoogleLaunch" time="12.950"/>
  <system-out/>
</testsuite> <!-- com.OrangaHRMApplicationTestcases.OrangeHrm_EmployeeListTest -->
